0 info it worked if it ends with ok
1 verbose cli [ '/root/.nvm/v0.10.44/bin/node',
1 verbose cli   '/root/.nvm/v0.10.44/bin/npm',
1 verbose cli   'start' ]
2 info using npm@2.15.0
3 info using node@v0.10.44
4 verbose run-script [ 'prestart', 'start', 'poststart' ]
5 info prestart greenbot@0.0.1
6 info start greenbot@0.0.1
7 verbose unsafe-perm in lifecycle true
8 info greenbot@0.0.1 Failed to exec start script
9 verbose stack Error: greenbot@0.0.1 start: `coffee server/greenbot.coffee`
9 verbose stack Exit status 8
9 verbose stack     at EventEmitter.<anonymous> (/root/.nvm/v0.10.44/lib/node_modules/npm/lib/utils/lifecycle.js:217:16)
9 verbose stack     at EventEmitter.emit (events.js:98:17)
9 verbose stack     at ChildProcess.<anonymous> (/root/.nvm/v0.10.44/lib/node_modules/npm/lib/utils/spawn.js:24:14)
9 verbose stack     at ChildProcess.emit (events.js:98:17)
9 verbose stack     at maybeClose (child_process.js:766:16)
9 verbose stack     at Process.ChildProcess._handle.onexit (child_process.js:833:5)
10 verbose pkgid greenbot@0.0.1
11 verbose cwd /root/code/greenbot
12 error Linux 3.13.0-57-generic
13 error argv "/root/.nvm/v0.10.44/bin/node" "/root/.nvm/v0.10.44/bin/npm" "start"
14 error node v0.10.44
15 error npm  v2.15.0
16 error code ELIFECYCLE
17 error greenbot@0.0.1 start: `coffee server/greenbot.coffee`
17 error Exit status 8
18 error Failed at the greenbot@0.0.1 start script 'coffee server/greenbot.coffee'.
18 error This is most likely a problem with the greenbot package,
18 error not with npm itself.
18 error Tell the author that this fails on your system:
18 error     coffee server/greenbot.coffee
18 error You can get information on how to open an issue for this project with:
18 error     npm bugs greenbot
18 error Or if that isn't available, you can get their info via:
18 error
18 error     npm owner ls greenbot
18 error There is likely additional logging output above.
19 verbose exit [ 1, true ]
