0 info it worked if it ends with ok
1 verbose cli [ 'node',
1 verbose cli   '/usr/local/bin/npm',
1 verbose cli   'install',
1 verbose cli   'coffeescript',
1 verbose cli   '--save' ]
2 info using npm@2.5.1
3 info using node@v0.12.0
4 warn package.json greenbot_console@0.1.0 No repository field.
5 warn package.json greenbot_console@0.1.0 No README data
6 silly cache add args [ 'coffeescript', null ]
7 verbose cache add spec coffeescript
8 silly cache add parsed spec { raw: 'coffeescript',
8 silly cache add   scope: null,
8 silly cache add   name: 'coffeescript',
8 silly cache add   rawSpec: '',
8 silly cache add   spec: '*',
8 silly cache add   type: 'range' }
9 verbose addNamed coffeescript@*
10 silly addNamed semver.valid null
11 silly addNamed semver.validRange *
12 silly addNameRange { name: 'coffeescript', range: '*', hasData: false }
13 silly mapToRegistry name coffeescript
14 silly mapToRegistry using default registry
15 silly mapToRegistry registry https://registry.npmjs.org/
16 silly mapToRegistry uri https://registry.npmjs.org/coffeescript
17 verbose addNameRange registry:https://registry.npmjs.org/coffeescript not in flight; fetching
18 verbose request uri https://registry.npmjs.org/coffeescript
19 verbose request no auth needed
20 info attempt registry request try #1 at 2:45:30 PM
21 verbose request using bearer token for auth
22 verbose request id 89f22d002697e408
23 verbose etag "5NUPLG6Y5EF1A8UGY5M2G8ZDG"
24 http request GET https://registry.npmjs.org/coffeescript
25 http 304 https://registry.npmjs.org/coffeescript
26 silly get cb [ 304,
26 silly get   { 'cache-control': 'max-age=300',
26 silly get     'accept-ranges': 'bytes',
26 silly get     date: 'Wed, 16 Mar 2016 18:45:30 GMT',
26 silly get     via: '1.1 varnish',
26 silly get     connection: 'keep-alive',
26 silly get     'x-served-by': 'cache-iad2127-IAD',
26 silly get     'x-cache': 'MISS',
26 silly get     'x-cache-hits': '0',
26 silly get     'x-timer': 'S1458153930.583896,VS0,VE20' } ]
27 verbose etag https://registry.npmjs.org/coffeescript from cache
28 verbose get saving coffeescript to /Users/thomashowe/.npm/registry.npmjs.org/coffeescript/.cache.json
29 silly addNameRange number 2 { name: 'coffeescript', range: '*', hasData: true }
30 silly addNameRange versions [ 'coffeescript', [ '99.999.9999', '99.999.99999' ] ]
31 verbose addNamed coffeescript@99.999.99999
32 silly addNamed semver.valid 99.999.99999
33 silly addNamed semver.validRange 99.999.99999
34 warn deprecated coffeescript@99.999.99999: You misspelled 'coffee-script'
35 silly cache afterAdd coffeescript@99.999.99999
36 verbose afterAdd /Users/thomashowe/.npm/coffeescript/99.999.99999/package/package.json not in flight; writing
37 verbose afterAdd /Users/thomashowe/.npm/coffeescript/99.999.99999/package/package.json written
38 silly install resolved [ { name: 'coffeescript',
38 silly install resolved     version: '99.999.99999',
38 silly install resolved     scripts: { preinstall: 'node super-evil-script-omg-for-reals.js' },
38 silly install resolved     _id: 'coffeescript@99.999.99999',
38 silly install resolved     dist:
38 silly install resolved      { shasum: '98f6a60410f827dcb06c067db5539c03c932ad75',
38 silly install resolved        tarball: 'http://registry.npmjs.org/coffeescript/-/coffeescript-99.999.99999.tgz' },
38 silly install resolved     _from: 'coffeescript@*',
38 silly install resolved     _npmVersion: '1.4.4',
38 silly install resolved     _npmUser: { name: 'isaacs', email: 'i@izs.me' },
38 silly install resolved     maintainers: [ [Object] ],
38 silly install resolved     deprecated: 'You misspelled \'coffee-script\'',
38 silly install resolved     directories: {},
38 silly install resolved     _shasum: '98f6a60410f827dcb06c067db5539c03c932ad75',
38 silly install resolved     _resolved: 'https://registry.npmjs.org/coffeescript/-/coffeescript-99.999.99999.tgz',
38 silly install resolved     readme: 'ERROR: No README data found!',
38 silly install resolved     description: 'ERROR: No README data found!' } ]
39 info install coffeescript@99.999.99999 into /Users/thomashowe/Documents/src/greenbot/tools
40 info installOne coffeescript@99.999.99999
41 verbose installOne of coffeescript to /Users/thomashowe/Documents/src/greenbot/tools not in flight; installing
42 verbose lock using /Users/thomashowe/.npm/_locks/coffeescript-a5470309a30a10ce.lock for /Users/thomashowe/Documents/src/greenbot/tools/node_modules/coffeescript
43 silly install write writing coffeescript 99.999.99999 to /Users/thomashowe/Documents/src/greenbot/tools/node_modules/coffeescript
44 silly cache addNamed cb coffeescript@99.999.99999
45 verbose unbuild node_modules/coffeescript
46 verbose gentlyRm vacuuming /Users/thomashowe/Documents/src/greenbot/tools/node_modules/coffeescript
47 verbose tar unpack /Users/thomashowe/.npm/coffeescript/99.999.99999/package.tgz
48 verbose tar unpacking to /Users/thomashowe/Documents/src/greenbot/tools/node_modules/coffeescript
49 verbose gentlyRm vacuuming /Users/thomashowe/Documents/src/greenbot/tools/node_modules/coffeescript
50 silly gunzTarPerm modes [ '755', '644' ]
51 silly gunzTarPerm extractEntry package.json
52 silly gunzTarPerm extractEntry super-evil-script-omg-for-reals.js
53 info preinstall coffeescript@99.999.99999
54 verbose unsafe-perm in lifecycle true
55 info coffeescript@99.999.99999 Failed to exec preinstall script
56 verbose unlock done using /Users/thomashowe/.npm/_locks/coffeescript-a5470309a30a10ce.lock for /Users/thomashowe/Documents/src/greenbot/tools/node_modules/coffeescript
57 verbose stack Error: coffeescript@99.999.99999 preinstall: `node super-evil-script-omg-for-reals.js`
57 verbose stack Exit status 1
57 verbose stack     at EventEmitter.<anonymous> (/usr/local/lib/node_modules/npm/lib/utils/lifecycle.js:213:16)
57 verbose stack     at EventEmitter.emit (events.js:110:17)
57 verbose stack     at ChildProcess.<anonymous> (/usr/local/lib/node_modules/npm/lib/utils/spawn.js:14:12)
57 verbose stack     at ChildProcess.emit (events.js:110:17)
57 verbose stack     at maybeClose (child_process.js:1008:16)
57 verbose stack     at Process.ChildProcess._handle.onexit (child_process.js:1080:5)
58 verbose pkgid coffeescript@99.999.99999
59 verbose cwd /Users/thomashowe/Documents/src/greenbot/tools
60 error Darwin 15.4.0
61 error argv "node" "/usr/local/bin/npm" "install" "coffeescript" "--save"
62 error node v0.12.0
63 error npm  v2.5.1
64 error code ELIFECYCLE
65 error coffeescript@99.999.99999 preinstall: `node super-evil-script-omg-for-reals.js`
65 error Exit status 1
66 error Failed at the coffeescript@99.999.99999 preinstall script 'node super-evil-script-omg-for-reals.js'.
66 error This is most likely a problem with the coffeescript package,
66 error not with npm itself.
66 error Tell the author that this fails on your system:
66 error     node super-evil-script-omg-for-reals.js
66 error You can get their info via:
66 error     npm owner ls coffeescript
66 error There is likely additional logging output above.
67 verbose exit [ 1, true ]
68 verbose unbuild node_modules/coffeescript
69 info preuninstall coffeescript@99.999.99999
70 info uninstall coffeescript@99.999.99999
71 verbose unbuild rmStuff coffeescript@99.999.99999 from /Users/thomashowe/Documents/src/greenbot/tools/node_modules
72 info postuninstall coffeescript@99.999.99999
73 verbose gentlyRm vacuuming /Users/thomashowe/Documents/src/greenbot/tools/node_modules/coffeescript
74 silly gentlyRm purging /Users/thomashowe/Documents/src/greenbot/tools/node_modules/coffeescript
75 silly gentlyRm quitting because other entries in /Users/thomashowe/Documents/src/greenbot/tools/node_modules
